<?xml version="1.0" encoding="utf-8"?><testsuites><testsuite name="pytest" errors="0" failures="0" skipped="1" tests="3" time="0.246" timestamp="2024-10-31T22:13:03.858005" hostname="ubuntu"><testcase classname="minibe.test.test_copyright" name="test_copyright" time="0.000"><skipped type="pytest.skip" message="No copyright header has been placed in the generated source file.">/home/ubuntu/bimanual_ws_ros2/src/minibe/test/test_copyright.py:20: No copyright header has been placed in the generated source file.</skipped></testcase><testcase classname="minibe.test.test_flake8" name="test_flake8" time="0.074" /><testcase classname="minibe.test.test_pep257" name="test_pep257" time="0.012" /></testsuite></testsuites>