Start testing: Oct 31 22:13 UTC
----------------------------------------------------------
1/2 Testing: lint_cmake
1/2 Test: lint_cmake
Command: "/usr/bin/python3" "-u" "/opt/ros/humble/share/ament_cmake_test/cmake/run_test.py" "/home/ubuntu/bimanual_ws_ros2/build/minibe_description/test_results/minibe_description/lint_cmake.xunit.xml" "--package-name" "minibe_description" "--output-file" "/home/ubuntu/bimanual_ws_ros2/build/minibe_description/ament_lint_cmake/lint_cmake.txt" "--command" "/opt/ros/humble/bin/ament_lint_cmake" "--xunit-file" "/home/ubuntu/bimanual_ws_ros2/build/minibe_description/test_results/minibe_description/lint_cmake.xunit.xml"
Directory: /home/ubuntu/bimanual_ws_ros2/src/moveit_resources/minibe_description
"lint_cmake" start time: Oct 31 22:13 UTC
Output:
----------------------------------------------------------
-- run_test.py: invoking following command in '/home/ubuntu/bimanual_ws_ros2/src/moveit_resources/minibe_description':
 - /opt/ros/humble/bin/ament_lint_cmake --xunit-file /home/ubuntu/bimanual_ws_ros2/build/minibe_description/test_results/minibe_description/lint_cmake.xunit.xml

No problems found
-- run_test.py: return code 0
-- run_test.py: verify result file '/home/ubuntu/bimanual_ws_ros2/build/minibe_description/test_results/minibe_description/lint_cmake.xunit.xml'
<end of output>
Test time =   0.12 sec
----------------------------------------------------------
Test Passed.
"lint_cmake" end time: Oct 31 22:13 UTC
"lint_cmake" time elapsed: 00:00:00
----------------------------------------------------------

2/2 Testing: xmllint
2/2 Test: xmllint
Command: "/usr/bin/python3" "-u" "/opt/ros/humble/share/ament_cmake_test/cmake/run_test.py" "/home/ubuntu/bimanual_ws_ros2/build/minibe_description/test_results/minibe_description/xmllint.xunit.xml" "--package-name" "minibe_description" "--output-file" "/home/ubuntu/bimanual_ws_ros2/build/minibe_description/ament_xmllint/xmllint.txt" "--command" "/opt/ros/humble/bin/ament_xmllint" "--xunit-file" "/home/ubuntu/bimanual_ws_ros2/build/minibe_description/test_results/minibe_description/xmllint.xunit.xml"
Directory: /home/ubuntu/bimanual_ws_ros2/src/moveit_resources/minibe_description
"xmllint" start time: Oct 31 22:13 UTC
Output:
----------------------------------------------------------
-- run_test.py: invoking following command in '/home/ubuntu/bimanual_ws_ros2/src/moveit_resources/minibe_description':
 - /opt/ros/humble/bin/ament_xmllint --xunit-file /home/ubuntu/bimanual_ws_ros2/build/minibe_description/test_results/minibe_description/xmllint.xunit.xml
File 'package.xml' is valid

No problems found
-- run_test.py: return code 0
-- run_test.py: verify result file '/home/ubuntu/bimanual_ws_ros2/build/minibe_description/test_results/minibe_description/xmllint.xunit.xml'
<end of output>
Test time =   0.46 sec
----------------------------------------------------------
Test Passed.
"xmllint" end time: Oct 31 22:13 UTC
"xmllint" time elapsed: 00:00:00
----------------------------------------------------------

End testing: Oct 31 22:13 UTC

lint_cmake =   0.12 sec*proc

linter =   0.58 sec*proc

xmllint =   0.46 sec*proc

