<?xml version="1.0" encoding="UTF-8"?>
<Site BuildName="(empty)"
	BuildStamp="20241031-2213-Experimental"
	Name="ubuntu"
	Generator="ctest-3.22.1"
	CompilerName="/usr/bin/c++"
	CompilerVersion="11.4.0"
	OSName="Linux"
	Hostname="ubuntu"
	OSRelease="6.8.0-40-generic"
	OSVersion="#40~22.04.3-Ubuntu SMP PREEMPT_DYNAMIC Tue Jul 30 17:30:19 UTC 2"
	OSPlatform="x86_64"
	Is64Bits="1"
	VendorString="GenuineIntel"
	VendorID="Intel Corporation"
	FamilyID="6"
	ModelID="140"
	ProcessorCacheSize="6144"
	NumberOfLogicalCPU="4"
	NumberOfPhysicalCPU="2"
	TotalVirtualMemory="0"
	TotalPhysicalMemory="7786"
	LogicalProcessorsPerPhysical="2"
	ProcessorClockFrequency="2455.1"
	>
	<Testing>
		<StartDateTime>Oct 31 22:13 UTC</StartDateTime>
		<StartTestTime>1730412783</StartTestTime>
		<TestList>
			<Test>./lint_cmake</Test>
			<Test>./xmllint</Test>
		</TestList>
		<Test Status="passed">
			<Name>lint_cmake</Name>
			<Path>.</Path>
			<FullName>./lint_cmake</FullName>
			<FullCommandLine>/usr/bin/python3 "-u" "/opt/ros/humble/share/ament_cmake_test/cmake/run_test.py" "/home/ubuntu/bimanual_ws_ros2/build/minibe_description/test_results/minibe_description/lint_cmake.xunit.xml" "--package-name" "minibe_description" "--output-file" "/home/ubuntu/bimanual_ws_ros2/build/minibe_description/ament_lint_cmake/lint_cmake.txt" "--command" "/opt/ros/humble/bin/ament_lint_cmake" "--xunit-file" "/home/ubuntu/bimanual_ws_ros2/build/minibe_description/test_results/minibe_description/lint_cmake.xunit.xml"</FullCommandLine>
			<Results>
				<NamedMeasurement type="numeric/double" name="Execution Time">
					<Value>0.117792</Value>
				</NamedMeasurement>
				<NamedMeasurement type="numeric/double" name="Processors">
					<Value>1</Value>
				</NamedMeasurement>
				<NamedMeasurement type="text/string" name="Completion Status">
					<Value>Completed</Value>
				</NamedMeasurement>
				<NamedMeasurement type="text/string" name="Command Line">
					<Value>/usr/bin/python3 "-u" "/opt/ros/humble/share/ament_cmake_test/cmake/run_test.py" "/home/ubuntu/bimanual_ws_ros2/build/minibe_description/test_results/minibe_description/lint_cmake.xunit.xml" "--package-name" "minibe_description" "--output-file" "/home/ubuntu/bimanual_ws_ros2/build/minibe_description/ament_lint_cmake/lint_cmake.txt" "--command" "/opt/ros/humble/bin/ament_lint_cmake" "--xunit-file" "/home/ubuntu/bimanual_ws_ros2/build/minibe_description/test_results/minibe_description/lint_cmake.xunit.xml"</Value>
				</NamedMeasurement>
				<NamedMeasurement type="text/string" name="Environment">
					<Value>#CTEST_RESOURCE_GROUP_COUNT=</Value>
				</NamedMeasurement>
				<Measurement>
					<Value>-- run_test.py: invoking following command in '/home/ubuntu/bimanual_ws_ros2/src/moveit_resources/minibe_description':
 - /opt/ros/humble/bin/ament_lint_cmake --xunit-file /home/ubuntu/bimanual_ws_ros2/build/minibe_description/test_results/minibe_description/lint_cmake.xunit.xml

No problems found
-- run_test.py: return code 0
-- run_test.py: verify result file '/home/ubuntu/bimanual_ws_ros2/build/minibe_description/test_results/minibe_description/lint_cmake.xunit.xml'
</Value>
				</Measurement>
			</Results>
			<Labels>
				<Label>lint_cmake</Label>
				<Label>linter</Label>
			</Labels>
		</Test>
		<Test Status="passed">
			<Name>xmllint</Name>
			<Path>.</Path>
			<FullName>./xmllint</FullName>
			<FullCommandLine>/usr/bin/python3 "-u" "/opt/ros/humble/share/ament_cmake_test/cmake/run_test.py" "/home/ubuntu/bimanual_ws_ros2/build/minibe_description/test_results/minibe_description/xmllint.xunit.xml" "--package-name" "minibe_description" "--output-file" "/home/ubuntu/bimanual_ws_ros2/build/minibe_description/ament_xmllint/xmllint.txt" "--command" "/opt/ros/humble/bin/ament_xmllint" "--xunit-file" "/home/ubuntu/bimanual_ws_ros2/build/minibe_description/test_results/minibe_description/xmllint.xunit.xml"</FullCommandLine>
			<Results>
				<NamedMeasurement type="numeric/double" name="Execution Time">
					<Value>0.463233</Value>
				</NamedMeasurement>
				<NamedMeasurement type="numeric/double" name="Processors">
					<Value>1</Value>
				</NamedMeasurement>
				<NamedMeasurement type="text/string" name="Completion Status">
					<Value>Completed</Value>
				</NamedMeasurement>
				<NamedMeasurement type="text/string" name="Command Line">
					<Value>/usr/bin/python3 "-u" "/opt/ros/humble/share/ament_cmake_test/cmake/run_test.py" "/home/ubuntu/bimanual_ws_ros2/build/minibe_description/test_results/minibe_description/xmllint.xunit.xml" "--package-name" "minibe_description" "--output-file" "/home/ubuntu/bimanual_ws_ros2/build/minibe_description/ament_xmllint/xmllint.txt" "--command" "/opt/ros/humble/bin/ament_xmllint" "--xunit-file" "/home/ubuntu/bimanual_ws_ros2/build/minibe_description/test_results/minibe_description/xmllint.xunit.xml"</Value>
				</NamedMeasurement>
				<NamedMeasurement type="text/string" name="Environment">
					<Value>#CTEST_RESOURCE_GROUP_COUNT=</Value>
				</NamedMeasurement>
				<Measurement>
					<Value>-- run_test.py: invoking following command in '/home/ubuntu/bimanual_ws_ros2/src/moveit_resources/minibe_description':
 - /opt/ros/humble/bin/ament_xmllint --xunit-file /home/ubuntu/bimanual_ws_ros2/build/minibe_description/test_results/minibe_description/xmllint.xunit.xml
File 'package.xml' is valid

No problems found
-- run_test.py: return code 0
-- run_test.py: verify result file '/home/ubuntu/bimanual_ws_ros2/build/minibe_description/test_results/minibe_description/xmllint.xunit.xml'
</Value>
				</Measurement>
			</Results>
			<Labels>
				<Label>linter</Label>
				<Label>xmllint</Label>
			</Labels>
		</Test>
		<EndDateTime>Oct 31 22:13 UTC</EndDateTime>
		<EndTestTime>1730412784</EndTestTime>
		<ElapsedMinutes>0</ElapsedMinutes>
	</Testing>
</Site>
